<?xml version="1.0" encoding="UTF-8"?>
<!-- Generated by org.testng.reporters.JUnitXMLReporter -->
<testsuite hostname="MONO-HYD-LAP-41" ignored="0" name="Testclasess" tests="12" failures="0" timestamp="28 May 2020 10:06:02 GMT" time="981.758" errors="0">
  <testcase name="PortalLogin" time="40.345" classname="com.amc.Testclasess.execute.PortalLoginTest"/>
  <testcase name="wopEpisodeVersionCreation" time="501.624" classname="com.amc.Testclasess.execute.WOPEpisodeVersionTest"/>
  <testcase name="MPEpisodeVersionTest" time="342.513" classname="com.amc.Testclasess.execute.MPEpisodeVerstionTest"/>
  <testcase name="WOPtoMPGeneralEditWorkOrderTest" time="2.005" classname="com.amc.Testclasess.execute.GeneralEditWorkComparisionTest"/>
  <testcase name="WOPtoMPTempoEditWorkOrderTest" time="2.004" classname="com.amc.Testclasess.execute.TempoEditWorkComparisionTest"/>
  <testcase name="WOPtoMPEpisodeDataTest" time="2.01" classname="com.amc.Testclasess.execute.WOP_MPComparisionTest"/>
  <testcase name="EditWorkOrderTest" time="38.122" classname="com.amc.Testclasess.execute.ViewEditOrdersTest"/>
  <testcase name="WOPtoPortalGeneralEditWorkOrderTest" time="0.003" classname="com.amc.Testclasess.execute.WOPtoPortalGeneralCompareTest"/>
  <testcase name="WOPtoPortalTempoEditWorkOrderTest" time="0.002" classname="com.amc.Testclasess.execute.WOPtoPortalTempoCompareTest"/>
  <testcase name="recordSearchField" time="46.33" classname="com.amc.Testclasess.execute.RecordLocatorTest"/>
  <testcase name="WOPtoPortalEpisodeDataTest" time="2.015" classname="com.amc.Testclasess.execute.WOP_PortalComparisionTest"/>
  <testcase name="DataBaseConnectionTest" time="4.763" classname="com.amc.Testclasess.execute.DataBaseTest"/>
</testsuite> <!-- Testclasess -->
