<?xml version="1.0" encoding="UTF-8"?>
<testng-results skipped="0" failed="0" ignored="0" total="12" passed="12">
  <reporter-output>
  </reporter-output>
  <suite name="Suite" duration-ms="981758" started-at="2020-05-28T09:49:40Z" finished-at="2020-05-28T10:06:02Z">
    <groups>
    </groups>
    <test name="Testclasess" duration-ms="981758" started-at="2020-05-28T09:49:40Z" finished-at="2020-05-28T10:06:02Z">
      <class name="com.amc.Testclasess.execute.WOPtoPortalTempoCompareTest">
        <test-method status="PASS" signature="WOPtoPortalTempoEditWorkOrderTest()[pri:0, instance:com.amc.Testclasess.execute.WOPtoPortalTempoCompareTest@76656a25]" name="WOPtoPortalTempoEditWorkOrderTest" duration-ms="2" started-at="2020-05-28T10:05:09Z" finished-at="2020-05-28T10:05:09Z">
          <reporter-output>
          </reporter-output>
        </test-method> <!-- WOPtoPortalTempoEditWorkOrderTest -->
      </class> <!-- com.amc.Testclasess.execute.WOPtoPortalTempoCompareTest -->
      <class name="com.amc.Testclasess.execute.ViewEditOrdersTest">
        <test-method status="PASS" signature="EditWorkOrderTest()[pri:0, instance:com.amc.Testclasess.execute.ViewEditOrdersTest@5f10ee00]" name="EditWorkOrderTest" duration-ms="38122" started-at="2020-05-28T10:04:31Z" finished-at="2020-05-28T10:05:09Z">
          <reporter-output>
          </reporter-output>
        </test-method> <!-- EditWorkOrderTest -->
      </class> <!-- com.amc.Testclasess.execute.ViewEditOrdersTest -->
      <class name="com.amc.Testclasess.execute.WOP_MPComparisionTest">
        <test-method status="PASS" signature="WOPtoMPEpisodeDataTest()[pri:0, instance:com.amc.Testclasess.execute.WOP_MPComparisionTest@4d0dc104]" name="WOPtoMPEpisodeDataTest" duration-ms="2010" started-at="2020-05-28T10:04:29Z" finished-at="2020-05-28T10:04:31Z">
          <reporter-output>
          </reporter-output>
        </test-method> <!-- WOPtoMPEpisodeDataTest -->
      </class> <!-- com.amc.Testclasess.execute.WOP_MPComparisionTest -->
      <class name="com.amc.Testclasess.execute.MPEpisodeVerstionTest">
        <test-method status="PASS" signature="MPEpisodeVersionTest()[pri:0, instance:com.amc.Testclasess.execute.MPEpisodeVerstionTest@843498c]" name="MPEpisodeVersionTest" duration-ms="342513" started-at="2020-05-28T09:58:42Z" finished-at="2020-05-28T10:04:25Z">
          <reporter-output>
          </reporter-output>
        </test-method> <!-- MPEpisodeVersionTest -->
      </class> <!-- com.amc.Testclasess.execute.MPEpisodeVerstionTest -->
      <class name="com.amc.Testclasess.execute.RecordLocatorTest">
        <test-method status="PASS" signature="recordSearchField()[pri:0, instance:com.amc.Testclasess.execute.RecordLocatorTest@5543800c]" name="recordSearchField" duration-ms="46330" started-at="2020-05-28T10:05:09Z" finished-at="2020-05-28T10:05:55Z">
          <reporter-output>
          </reporter-output>
        </test-method> <!-- recordSearchField -->
      </class> <!-- com.amc.Testclasess.execute.RecordLocatorTest -->
      <class name="com.amc.Testclasess.execute.GeneralEditWorkComparisionTest">
        <test-method status="PASS" signature="WOPtoMPGeneralEditWorkOrderTest()[pri:0, instance:com.amc.Testclasess.execute.GeneralEditWorkComparisionTest@2af87d7a]" name="WOPtoMPGeneralEditWorkOrderTest" duration-ms="2005" started-at="2020-05-28T10:04:25Z" finished-at="2020-05-28T10:04:27Z">
          <reporter-output>
          </reporter-output>
        </test-method> <!-- WOPtoMPGeneralEditWorkOrderTest -->
      </class> <!-- com.amc.Testclasess.execute.GeneralEditWorkComparisionTest -->
      <class name="com.amc.Testclasess.execute.TempoEditWorkComparisionTest">
        <test-method status="PASS" signature="WOPtoMPTempoEditWorkOrderTest()[pri:0, instance:com.amc.Testclasess.execute.TempoEditWorkComparisionTest@12ca50a5]" name="WOPtoMPTempoEditWorkOrderTest" duration-ms="2004" started-at="2020-05-28T10:04:27Z" finished-at="2020-05-28T10:04:29Z">
          <reporter-output>
          </reporter-output>
        </test-method> <!-- WOPtoMPTempoEditWorkOrderTest -->
      </class> <!-- com.amc.Testclasess.execute.TempoEditWorkComparisionTest -->
      <class name="com.amc.Testclasess.execute.WOPEpisodeVersionTest">
        <test-method status="PASS" signature="wopEpisodeVersionCreation()[pri:0, instance:com.amc.Testclasess.execute.WOPEpisodeVersionTest@630793f3]" name="wopEpisodeVersionCreation" duration-ms="501624" started-at="2020-05-28T09:50:21Z" finished-at="2020-05-28T09:58:42Z">
          <reporter-output>
          </reporter-output>
        </test-method> <!-- wopEpisodeVersionCreation -->
      </class> <!-- com.amc.Testclasess.execute.WOPEpisodeVersionTest -->
      <class name="com.amc.Testclasess.execute.DataBaseTest">
        <test-method status="PASS" signature="DataBaseConnectionTest()[pri:0, instance:com.amc.Testclasess.execute.DataBaseTest@692c5533]" name="DataBaseConnectionTest" duration-ms="4763" started-at="2020-05-28T10:05:57Z" finished-at="2020-05-28T10:06:02Z">
          <reporter-output>
          </reporter-output>
        </test-method> <!-- DataBaseConnectionTest -->
      </class> <!-- com.amc.Testclasess.execute.DataBaseTest -->
      <class name="com.amc.Testclasess.execute.WOP_PortalComparisionTest">
        <test-method status="PASS" signature="WOPtoPortalEpisodeDataTest()[pri:0, instance:com.amc.Testclasess.execute.WOP_PortalComparisionTest@dfb044a]" name="WOPtoPortalEpisodeDataTest" duration-ms="2015" started-at="2020-05-28T10:05:55Z" finished-at="2020-05-28T10:05:57Z">
          <reporter-output>
          </reporter-output>
        </test-method> <!-- WOPtoPortalEpisodeDataTest -->
      </class> <!-- com.amc.Testclasess.execute.WOP_PortalComparisionTest -->
      <class name="com.amc.Testclasess.execute.PortalLoginTest">
        <test-method status="PASS" signature="PortalLogin()[pri:0, instance:com.amc.Testclasess.execute.PortalLoginTest@619b2232]" name="PortalLogin" duration-ms="40345" started-at="2020-05-28T09:49:40Z" finished-at="2020-05-28T09:50:21Z">
          <reporter-output>
          </reporter-output>
        </test-method> <!-- PortalLogin -->
      </class> <!-- com.amc.Testclasess.execute.PortalLoginTest -->
      <class name="com.amc.Testclasess.execute.WOPtoPortalGeneralCompareTest">
        <test-method status="PASS" signature="WOPtoPortalGeneralEditWorkOrderTest()[pri:0, instance:com.amc.Testclasess.execute.WOPtoPortalGeneralCompareTest@366a5b35]" name="WOPtoPortalGeneralEditWorkOrderTest" duration-ms="3" started-at="2020-05-28T10:05:09Z" finished-at="2020-05-28T10:05:09Z">
          <reporter-output>
          </reporter-output>
        </test-method> <!-- WOPtoPortalGeneralEditWorkOrderTest -->
      </class> <!-- com.amc.Testclasess.execute.WOPtoPortalGeneralCompareTest -->
    </test> <!-- Testclasess -->
  </suite> <!-- Suite -->
</testng-results>
